TRACE 2016/02/15 16:53:28.299304 config.go:100: .shipped directory already exists
TRACE 2016/02/15 16:53:28.299422 config.go:109: Config file .shipped/shipped.ini already exists in /Users/jinbian
TRACE 2016/02/15 16:53:28.299494 config.go:139: Using config file /Users/jinbian/.shipped/shipped.ini
TRACE 2016/02/15 16:53:28.303079 config.go:189: Set value apiToken=rBFOgkhFFKVvlulURbPUYlNNBpkOvmHk in /Users/jinbian/.shipped/shipped.ini
TRACE 2016/02/15 16:53:28.303181 config.go:134: Can't find config file /Users/jinbian/team-work/test-for-ship/.shipped/shipped.ini (open /Users/jinbian/team-work/test-for-ship/.shipped/shipped.ini: no such file or directory)
TRACE 2016/02/15 16:53:28.305599 utils.go:98: Console width is 80; help width is 79
TRACE 2016/02/15 16:53:28.305691 main.go:137: Shipped-cli 1.0 b126 20160215 195741 starting with args struct { BootLogfile string; ConfigFile string; ConsoleMode bool; Debug bool; Expanded bool; FastBootstrap bool; Force bool; Full bool; Help bool; Json bool; Latest bool; LocalDocker bool; Logfile string; MockSDKClient bool; OutputFields string; RunAsRootOK bool; ShippedHome string; ShowVersion bool; Server string; Token string; VM string; ObjType string; Command string; Arguments []string }{BootLogfile:"", ConfigFile:"", ConsoleMode:false, Debug:false, Expanded:true, FastBootstrap:false, Force:false, Full:false, Help:false, Json:false, Latest:false, LocalDocker:false, Logfile:"/Users/jinbian/team-work/test-for-ship/shipped-cli.log", MockSDKClient:false, OutputFields:"", RunAsRootOK:false, ShippedHome:"", ShowVersion:false, Server:"https://api.ciscoshipped.io/", Token:"rBFOgkhFFKVvlulURbPUYlNNBpkOvmHk", VM:"vagrant", ObjType:"Local", Command:"bootstrap", Arguments:[]string{"004bbc15-d447-11e5-807d-0242ac110033"}}
TRACE 2016/02/15 16:53:28.305710 commands.go:92: Running command(Local) subcommand(bootstrap) args([]string{"004bbc15-d447-11e5-807d-0242ac110033"}) help(false)
TRACE 2016/02/15 16:53:28.305720 commands.go:160: objDesc.Name = "Local"
TRACE 2016/02/15 16:53:28.305774 local.go:275: Starting LocalService.Bootstrap()
TRACE 2016/02/15 16:53:28.305796 projects.go:309: Changed to project directory /Users/jinbian/team-work/test-for-ship
TRACE 2016/02/15 16:53:28.305823 config.go:134: Can't find config file /Users/jinbian/team-work/test-for-ship/.shipped/shipped.ini (open /Users/jinbian/team-work/test-for-ship/.shipped/shipped.ini: no such file or directory)
TRACE 2016/02/15 16:53:28.305861 client.go:114: GET https://api.ciscoshipped.io/projects/004bbc15-d447-11e5-807d-0242ac110033?api_token=rBFOgkhFFKVvlulURbPUYlNNBpkOvmHk
TRACE 2016/02/15 16:53:29.499255 client.go:159: Request status code 200 (200 OK)
TRACE 2016/02/15 16:53:29.499432 client.go:114: GET https://api.ciscoshipped.io/projects/004bbc15-d447-11e5-807d-0242ac110033/services?api_token=rBFOgkhFFKVvlulURbPUYlNNBpkOvmHk
TRACE 2016/02/15 16:53:30.220046 client.go:159: Request status code 200 (200 OK)
TRACE 2016/02/15 16:53:30.220142 client.go:114: GET https://api.ciscoshipped.io/projects/004bbc15-d447-11e5-807d-0242ac110033?api_token=rBFOgkhFFKVvlulURbPUYlNNBpkOvmHk
TRACE 2016/02/15 16:53:30.942638 client.go:159: Request status code 200 (200 OK)
ERROR 2016/02/15 16:53:30.942793 commands.go:98: Bootstrap failed: No services found for project 004bbc15-d447-11e5-807d-0242ac110033 (bian-test)
TRACE 2016/02/15 16:54:09.850213 config.go:100: .shipped directory already exists
TRACE 2016/02/15 16:54:09.850349 config.go:109: Config file .shipped/shipped.ini already exists in /Users/jinbian
TRACE 2016/02/15 16:54:09.850431 config.go:139: Using config file /Users/jinbian/.shipped/shipped.ini
TRACE 2016/02/15 16:54:09.853626 config.go:189: Set value apiToken=rBFOgkhFFKVvlulURbPUYlNNBpkOvmHk in /Users/jinbian/.shipped/shipped.ini
TRACE 2016/02/15 16:54:09.853707 config.go:134: Can't find config file /Users/jinbian/team-work/test-for-ship/.shipped/shipped.ini (open /Users/jinbian/team-work/test-for-ship/.shipped/shipped.ini: no such file or directory)
TRACE 2016/02/15 16:54:09.856077 utils.go:98: Console width is 80; help width is 79
TRACE 2016/02/15 16:54:09.856170 main.go:137: Shipped-cli 1.0 b126 20160215 195741 starting with args struct { BootLogfile string; ConfigFile string; ConsoleMode bool; Debug bool; Expanded bool; FastBootstrap bool; Force bool; Full bool; Help bool; Json bool; Latest bool; LocalDocker bool; Logfile string; MockSDKClient bool; OutputFields string; RunAsRootOK bool; ShippedHome string; ShowVersion bool; Server string; Token string; VM string; ObjType string; Command string; Arguments []string }{BootLogfile:"", ConfigFile:"", ConsoleMode:false, Debug:false, Expanded:true, FastBootstrap:false, Force:false, Full:false, Help:false, Json:false, Latest:false, LocalDocker:false, Logfile:"/Users/jinbian/team-work/test-for-ship/shipped-cli.log", MockSDKClient:false, OutputFields:"", RunAsRootOK:false, ShippedHome:"", ShowVersion:false, Server:"https://api.ciscoshipped.io/", Token:"rBFOgkhFFKVvlulURbPUYlNNBpkOvmHk", VM:"vagrant", ObjType:"Local", Command:"bootstrap", Arguments:[]string{"004bbc15-d447-11e5-807d-0242ac110033"}}
TRACE 2016/02/15 16:54:09.856196 commands.go:92: Running command(Local) subcommand(bootstrap) args([]string{"004bbc15-d447-11e5-807d-0242ac110033"}) help(false)
TRACE 2016/02/15 16:54:09.856206 commands.go:160: objDesc.Name = "Local"
TRACE 2016/02/15 16:54:09.856262 local.go:275: Starting LocalService.Bootstrap()
TRACE 2016/02/15 16:54:09.856284 projects.go:309: Changed to project directory /Users/jinbian/team-work/test-for-ship
TRACE 2016/02/15 16:54:09.856311 config.go:134: Can't find config file /Users/jinbian/team-work/test-for-ship/.shipped/shipped.ini (open /Users/jinbian/team-work/test-for-ship/.shipped/shipped.ini: no such file or directory)
TRACE 2016/02/15 16:54:09.856352 client.go:114: GET https://api.ciscoshipped.io/projects/004bbc15-d447-11e5-807d-0242ac110033?api_token=rBFOgkhFFKVvlulURbPUYlNNBpkOvmHk
TRACE 2016/02/15 16:54:10.644005 client.go:159: Request status code 200 (200 OK)
TRACE 2016/02/15 16:54:10.644195 client.go:114: GET https://api.ciscoshipped.io/projects/004bbc15-d447-11e5-807d-0242ac110033/services?api_token=rBFOgkhFFKVvlulURbPUYlNNBpkOvmHk
TRACE 2016/02/15 16:54:11.373499 client.go:159: Request status code 200 (200 OK)
TRACE 2016/02/15 16:54:11.373597 client.go:114: GET https://api.ciscoshipped.io/projects/004bbc15-d447-11e5-807d-0242ac110033?api_token=rBFOgkhFFKVvlulURbPUYlNNBpkOvmHk
TRACE 2016/02/15 16:54:12.106974 client.go:159: Request status code 200 (200 OK)
ERROR 2016/02/15 16:54:12.107110 commands.go:98: Bootstrap failed: No services found for project 004bbc15-d447-11e5-807d-0242ac110033 (bian-test)
